<b>Help file compile finished: 2013-12-11 9:31:29 AM</b>


Microsoft HTML Help Compiler 4.74.8702

Compiling c:\Users\Hew\Programming Projects\TMV7A_WC\Docs\Help File\TMV7A.chm

introduction.htm
general features.htm
how to use help.htm
version history.htm
system requirements.htm
uninstall procedures.htm
main form.htm
data entry form.htm
memory form.htm
nag screen.htm
about box.htm
registration dialogue.htm
maintaining tmv7 data.htm
abbreviations.htm
glossary.htm
installation and setup.htm
TMV7A.hhc
TMV7A.hhk
images\main form\mf_1.jpg
images\main form\mf_2.jpg
images\main form\mf_3.jpg
images\main form\mf_4.jpg
images\main form\mf_5.jpg
images\main form\mf_6.jpg
images\main form\mf_7.jpg
images\main form\mf_8.jpg
images\main form\mf_9.jpg
images\main form\mf_10.jpg
images\main form\mf_11.jpg
images\main form\mf_12.jpg
images\main form\mf_13.jpg
images\main form\mf_14.jpg
images\main form\mf_15.jpg
images\main form\mf_16.jpg
images\main form\mf_17.jpg
images\main form\mf_18.jpg
default.css

Compile time: 0 minutes, 1 second
18	Topics
118	Local links
0	Internet links
18	Graphics


Created c:\Users\Hew\Programming Projects\TMV7A_WC\Docs\Help File\TMV7A.chm, 460,764 bytes
Compression decreased file by 136,064 bytes.

